<?xml version="1.0" encoding="UTF-8"?>
<testsuite name="leetCodeProblem.TwoSumTest" tests="4" skipped="0" failures="0" errors="0" timestamp="2022-04-23T01:45:28" hostname="LAPTOP-PATCTQ14" time="0.034">
  <properties/>
  <testcase name="case1()" classname="leetCodeProblem.TwoSumTest" time="0.031"/>
  <testcase name="case2()" classname="leetCodeProblem.TwoSumTest" time="0.001"/>
  <testcase name="case3()" classname="leetCodeProblem.TwoSumTest" time="0.0"/>
  <testcase name="case4()" classname="leetCodeProblem.TwoSumTest" time="0.0"/>
  <system-out><![CDATA[]]></system-out>
  <system-err><![CDATA[]]></system-err>
</testsuite>
